  源.cpp
D:\文件图片影视\专业学习\大一下\数据结构\作业\2023.3.22 第四章\第四题\源.cpp(14,18): error C2062: 意外的类型“int”
D:\文件图片影视\专业学习\大一下\数据结构\作业\2023.3.22 第四章\第四题\源.cpp(14,29): error C2065: “i”: 未声明的标识符
D:\文件图片影视\专业学习\大一下\数据结构\作业\2023.3.22 第四章\第四题\源.cpp(14,50): error C2065: “i”: 未声明的标识符
D:\文件图片影视\专业学习\大一下\数据结构\作业\2023.3.22 第四章\第四题\源.cpp(14,53): error C2059: 语法错误:“)”
D:\文件图片影视\专业学习\大一下\数据结构\作业\2023.3.22 第四章\第四题\源.cpp(16,21): error C2065: “i”: 未声明的标识符
D:\文件图片影视\专业学习\大一下\数据结构\作业\2023.3.22 第四章\第四题\源.cpp(16,26): error C2059: 语法错误:“;”
D:\文件图片影视\专业学习\大一下\数据结构\作业\2023.3.22 第四章\第四题\源.cpp(19,7): error C2143: 语法错误: 缺少“;”(在“<<”的前面)
D:\文件图片影视\专业学习\大一下\数据结构\作业\2023.3.22 第四章\第四题\源.cpp(19,7): error C4430: 缺少类型说明符 - 假定为 int。注意: C++ 不支持默认 int
D:\文件图片影视\专业学习\大一下\数据结构\作业\2023.3.22 第四章\第四题\源.cpp(19,7): error C2059: 语法错误:“<<”
D:\文件图片影视\专业学习\大一下\数据结构\作业\2023.3.22 第四章\第四题\源.cpp(22,2): error C2059: 语法错误:“for”
D:\文件图片影视\专业学习\大一下\数据结构\作业\2023.3.22 第四章\第四题\源.cpp(22,2): error C2143: 语法错误: 缺少“)”(在“;”的前面)
D:\文件图片影视\专业学习\大一下\数据结构\作业\2023.3.22 第四章\第四题\源.cpp(22,20): error C2143: 语法错误: 缺少“;”(在“<”的前面)
D:\文件图片影视\专业学习\大一下\数据结构\作业\2023.3.22 第四章\第四题\源.cpp(22,20): error C4430: 缺少类型说明符 - 假定为 int。注意: C++ 不支持默认 int
D:\文件图片影视\专业学习\大一下\数据结构\作业\2023.3.22 第四章\第四题\源.cpp(22,20): error C2059: 语法错误:“<”
D:\文件图片影视\专业学习\大一下\数据结构\作业\2023.3.22 第四章\第四题\源.cpp(22,28): error C2143: 语法错误: 缺少“;”(在“+=”的前面)
D:\文件图片影视\专业学习\大一下\数据结构\作业\2023.3.22 第四章\第四题\源.cpp(22,28): error C4430: 缺少类型说明符 - 假定为 int。注意: C++ 不支持默认 int
D:\文件图片影视\专业学习\大一下\数据结构\作业\2023.3.22 第四章\第四题\源.cpp(22,26): error C2086: “int i”: 重定义
D:\文件图片影视\专业学习\大一下\数据结构\作业\2023.3.22 第四章\第四题\源.cpp(22,18): message : 参见“i”的声明
D:\文件图片影视\专业学习\大一下\数据结构\作业\2023.3.22 第四章\第四题\源.cpp(22,28): error C2059: 语法错误:“+=”
D:\文件图片影视\专业学习\大一下\数据结构\作业\2023.3.22 第四章\第四题\源.cpp(22,32): error C2059: 语法错误:“)”
D:\文件图片影视\专业学习\大一下\数据结构\作业\2023.3.22 第四章\第四题\源.cpp(24,7): error C2143: 语法错误: 缺少“;”(在“<<”的前面)
D:\文件图片影视\专业学习\大一下\数据结构\作业\2023.3.22 第四章\第四题\源.cpp(24,7): error C4430: 缺少类型说明符 - 假定为 int。注意: C++ 不支持默认 int
D:\文件图片影视\专业学习\大一下\数据结构\作业\2023.3.22 第四章\第四题\源.cpp(24,2): error C2086: “int cout”: 重定义
D:\文件图片影视\专业学习\大一下\数据结构\作业\2023.3.22 第四章\第四题\源.cpp(19,2): message : 参见“cout”的声明
D:\文件图片影视\专业学习\大一下\数据结构\作业\2023.3.22 第四章\第四题\源.cpp(24,7): error C2059: 语法错误:“<<”
D:\文件图片影视\专业学习\大一下\数据结构\作业\2023.3.22 第四章\第四题\源.cpp(25,2): error C2059: 语法错误:“for”
D:\文件图片影视\专业学习\大一下\数据结构\作业\2023.3.22 第四章\第四题\源.cpp(25,27): error C2143: 语法错误: 缺少“)”(在“;”的前面)
D:\文件图片影视\专业学习\大一下\数据结构\作业\2023.3.22 第四章\第四题\源.cpp(25,31): error C2143: 语法错误: 缺少“;”(在“<=”的前面)
D:\文件图片影视\专业学习\大一下\数据结构\作业\2023.3.22 第四章\第四题\源.cpp(25,31): error C4430: 缺少类型说明符 - 假定为 int。注意: C++ 不支持默认 int
D:\文件图片影视\专业学习\大一下\数据结构\作业\2023.3.22 第四章\第四题\源.cpp(25,29): error C2086: “int i”: 重定义
D:\文件图片影视\专业学习\大一下\数据结构\作业\2023.3.22 第四章\第四题\源.cpp(22,18): message : 参见“i”的声明
D:\文件图片影视\专业学习\大一下\数据结构\作业\2023.3.22 第四章\第四题\源.cpp(25,31): error C2059: 语法错误:“<=”
D:\文件图片影视\专业学习\大一下\数据结构\作业\2023.3.22 第四章\第四题\源.cpp(25,51): error C2143: 语法错误: 缺少“;”(在“++”的前面)
D:\文件图片影视\专业学习\大一下\数据结构\作业\2023.3.22 第四章\第四题\源.cpp(25,51): error C4430: 缺少类型说明符 - 假定为 int。注意: C++ 不支持默认 int
D:\文件图片影视\专业学习\大一下\数据结构\作业\2023.3.22 第四章\第四题\源.cpp(25,50): error C2086: “int i”: 重定义
D:\文件图片影视\专业学习\大一下\数据结构\作业\2023.3.22 第四章\第四题\源.cpp(22,18): message : 参见“i”的声明
D:\文件图片影视\专业学习\大一下\数据结构\作业\2023.3.22 第四章\第四题\源.cpp(25,51): error C2059: 语法错误:“++”
D:\文件图片影视\专业学习\大一下\数据结构\作业\2023.3.22 第四章\第四题\源.cpp(25,53): error C2059: 语法错误:“)”
D:\文件图片影视\专业学习\大一下\数据结构\作业\2023.3.22 第四章\第四题\源.cpp(26,2): error C2143: 语法错误: 缺少“;”(在“{”的前面)
D:\文件图片影视\专业学习\大一下\数据结构\作业\2023.3.22 第四章\第四题\源.cpp(26,2): error C2447: “{”: 缺少函数标题(是否是老式的形式表?)
D:\文件图片影视\专业学习\大一下\数据结构\作业\2023.3.22 第四章\第四题\源.cpp(30,7): error C2143: 语法错误: 缺少“;”(在“<<”的前面)
D:\文件图片影视\专业学习\大一下\数据结构\作业\2023.3.22 第四章\第四题\源.cpp(30,7): error C4430: 缺少类型说明符 - 假定为 int。注意: C++ 不支持默认 int
D:\文件图片影视\专业学习\大一下\数据结构\作业\2023.3.22 第四章\第四题\源.cpp(30,2): error C2086: “int cout”: 重定义
D:\文件图片影视\专业学习\大一下\数据结构\作业\2023.3.22 第四章\第四题\源.cpp(19,2): message : 参见“cout”的声明
D:\文件图片影视\专业学习\大一下\数据结构\作业\2023.3.22 第四章\第四题\源.cpp(30,7): error C2059: 语法错误:“<<”
D:\文件图片影视\专业学习\大一下\数据结构\作业\2023.3.22 第四章\第四题\源.cpp(34,2): error C2059: 语法错误:“while”
D:\文件图片影视\专业学习\大一下\数据结构\作业\2023.3.22 第四章\第四题\源.cpp(35,2): error C2143: 语法错误: 缺少“;”(在“{”的前面)
D:\文件图片影视\专业学习\大一下\数据结构\作业\2023.3.22 第四章\第四题\源.cpp(35,2): error C2447: “{”: 缺少函数标题(是否是老式的形式表?)
D:\文件图片影视\专业学习\大一下\数据结构\作业\2023.3.22 第四章\第四题\源.cpp(45,2): error C2059: 语法错误:“if”
D:\文件图片影视\专业学习\大一下\数据结构\作业\2023.3.22 第四章\第四题\源.cpp(46,2): error C2143: 语法错误: 缺少“;”(在“{”的前面)
D:\文件图片影视\专业学习\大一下\数据结构\作业\2023.3.22 第四章\第四题\源.cpp(46,2): error C2447: “{”: 缺少函数标题(是否是老式的形式表?)
D:\文件图片影视\专业学习\大一下\数据结构\作业\2023.3.22 第四章\第四题\源.cpp(54,2): error C2059: 语法错误:“else”
D:\文件图片影视\专业学习\大一下\数据结构\作业\2023.3.22 第四章\第四题\源.cpp(55,2): error C2143: 语法错误: 缺少“;”(在“{”的前面)
D:\文件图片影视\专业学习\大一下\数据结构\作业\2023.3.22 第四章\第四题\源.cpp(55,2): error C2447: “{”: 缺少函数标题(是否是老式的形式表?)
D:\文件图片影视\专业学习\大一下\数据结构\作业\2023.3.22 第四章\第四题\源.cpp(66,2): error C2059: 语法错误:“for”
D:\文件图片影视\专业学习\大一下\数据结构\作业\2023.3.22 第四章\第四题\源.cpp(66,2): error C2143: 语法错误: 缺少“)”(在“;”的前面)
D:\文件图片影视\专业学习\大一下\数据结构\作业\2023.3.22 第四章\第四题\源.cpp(66,20): error C2143: 语法错误: 缺少“;”(在“<”的前面)
D:\文件图片影视\专业学习\大一下\数据结构\作业\2023.3.22 第四章\第四题\源.cpp(66,20): error C4430: 缺少类型说明符 - 假定为 int。注意: C++ 不支持默认 int
D:\文件图片影视\专业学习\大一下\数据结构\作业\2023.3.22 第四章\第四题\源.cpp(66,18): error C2086: “int i”: 重定义
D:\文件图片影视\专业学习\大一下\数据结构\作业\2023.3.22 第四章\第四题\源.cpp(22,18): message : 参见“i”的声明
D:\文件图片影视\专业学习\大一下\数据结构\作业\2023.3.22 第四章\第四题\源.cpp(66,20): error C2059: 语法错误:“<”
D:\文件图片影视\专业学习\大一下\数据结构\作业\2023.3.22 第四章\第四题\源.cpp(66,39): error C2143: 语法错误: 缺少“;”(在“++”的前面)
D:\文件图片影视\专业学习\大一下\数据结构\作业\2023.3.22 第四章\第四题\源.cpp(66,39): error C4430: 缺少类型说明符 - 假定为 int。注意: C++ 不支持默认 int
D:\文件图片影视\专业学习\大一下\数据结构\作业\2023.3.22 第四章\第四题\源.cpp(66,38): error C2086: “int i”: 重定义
D:\文件图片影视\专业学习\大一下\数据结构\作业\2023.3.22 第四章\第四题\源.cpp(22,18): message : 参见“i”的声明
D:\文件图片影视\专业学习\大一下\数据结构\作业\2023.3.22 第四章\第四题\源.cpp(66,39): error C2059: 语法错误:“++”
D:\文件图片影视\专业学习\大一下\数据结构\作业\2023.3.22 第四章\第四题\源.cpp(66,41): error C2059: 语法错误:“)”
D:\文件图片影视\专业学习\大一下\数据结构\作业\2023.3.22 第四章\第四题\源.cpp(67,2): error C2143: 语法错误: 缺少“;”(在“{”的前面)
D:\文件图片影视\专业学习\大一下\数据结构\作业\2023.3.22 第四章\第四题\源.cpp(67,2): error C2447: “{”: 缺少函数标题(是否是老式的形式表?)
D:\文件图片影视\专业学习\大一下\数据结构\作业\2023.3.22 第四章\第四题\源.cpp(71,7): error C2143: 语法错误: 缺少“;”(在“<<”的前面)
D:\文件图片影视\专业学习\大一下\数据结构\作业\2023.3.22 第四章\第四题\源.cpp(71,7): error C4430: 缺少类型说明符 - 假定为 int。注意: C++ 不支持默认 int
D:\文件图片影视\专业学习\大一下\数据结构\作业\2023.3.22 第四章\第四题\源.cpp(71,2): error C2086: “int cout”: 重定义
D:\文件图片影视\专业学习\大一下\数据结构\作业\2023.3.22 第四章\第四题\源.cpp(19,2): message : 参见“cout”的声明
D:\文件图片影视\专业学习\大一下\数据结构\作业\2023.3.22 第四章\第四题\源.cpp(71,7): error C2059: 语法错误:“<<”
D:\文件图片影视\专业学习\大一下\数据结构\作业\2023.3.22 第四章\第四题\源.cpp(72,2): error C2059: 语法错误:“for”
D:\文件图片影视\专业学习\大一下\数据结构\作业\2023.3.22 第四章\第四题\源.cpp(72,27): error C2143: 语法错误: 缺少“)”(在“;”的前面)
D:\文件图片影视\专业学习\大一下\数据结构\作业\2023.3.22 第四章\第四题\源.cpp(72,31): error C2143: 语法错误: 缺少“;”(在“<=”的前面)
D:\文件图片影视\专业学习\大一下\数据结构\作业\2023.3.22 第四章\第四题\源.cpp(72,31): error C4430: 缺少类型说明符 - 假定为 int。注意: C++ 不支持默认 int
D:\文件图片影视\专业学习\大一下\数据结构\作业\2023.3.22 第四章\第四题\源.cpp(72,29): error C2086: “int i”: 重定义
D:\文件图片影视\专业学习\大一下\数据结构\作业\2023.3.22 第四章\第四题\源.cpp(22,18): message : 参见“i”的声明
D:\文件图片影视\专业学习\大一下\数据结构\作业\2023.3.22 第四章\第四题\源.cpp(72,31): error C2059: 语法错误:“<=”
D:\文件图片影视\专业学习\大一下\数据结构\作业\2023.3.22 第四章\第四题\源.cpp(72,50): error C2143: 语法错误: 缺少“;”(在“++”的前面)
D:\文件图片影视\专业学习\大一下\数据结构\作业\2023.3.22 第四章\第四题\源.cpp(72,50): error C4430: 缺少类型说明符 - 假定为 int。注意: C++ 不支持默认 int
D:\文件图片影视\专业学习\大一下\数据结构\作业\2023.3.22 第四章\第四题\源.cpp(72,49): error C2086: “int i”: 重定义
D:\文件图片影视\专业学习\大一下\数据结构\作业\2023.3.22 第四章\第四题\源.cpp(22,18): message : 参见“i”的声明
D:\文件图片影视\专业学习\大一下\数据结构\作业\2023.3.22 第四章\第四题\源.cpp(72,50): error C2059: 语法错误:“++”
D:\文件图片影视\专业学习\大一下\数据结构\作业\2023.3.22 第四章\第四题\源.cpp(72,52): error C2059: 语法错误:“)”
D:\文件图片影视\专业学习\大一下\数据结构\作业\2023.3.22 第四章\第四题\源.cpp(73,2): error C2143: 语法错误: 缺少“;”(在“{”的前面)
D:\文件图片影视\专业学习\大一下\数据结构\作业\2023.3.22 第四章\第四题\源.cpp(73,2): error C2447: “{”: 缺少函数标题(是否是老式的形式表?)
D:\文件图片影视\专业学习\大一下\数据结构\作业\2023.3.22 第四章\第四题\源.cpp(77,7): error C2143: 语法错误: 缺少“;”(在“<<”的前面)
D:\文件图片影视\专业学习\大一下\数据结构\作业\2023.3.22 第四章\第四题\源.cpp(77,7): error C4430: 缺少类型说明符 - 假定为 int。注意: C++ 不支持默认 int
D:\文件图片影视\专业学习\大一下\数据结构\作业\2023.3.22 第四章\第四题\源.cpp(77,2): error C2086: “int cout”: 重定义
D:\文件图片影视\专业学习\大一下\数据结构\作业\2023.3.22 第四章\第四题\源.cpp(19,2): message : 参见“cout”的声明
D:\文件图片影视\专业学习\大一下\数据结构\作业\2023.3.22 第四章\第四题\源.cpp(77,7): error C2059: 语法错误:“<<”
D:\文件图片影视\专业学习\大一下\数据结构\作业\2023.3.22 第四章\第四题\源.cpp(79,2): error C2059: 语法错误:“return”
D:\文件图片影视\专业学习\大一下\数据结构\作业\2023.3.22 第四章\第四题\源.cpp(80,1): error C2059: 语法错误:“}”
D:\文件图片影视\专业学习\大一下\数据结构\作业\2023.3.22 第四章\第四题\源.cpp(80,1): error C2143: 语法错误: 缺少“;”(在“}”的前面)
