  源.cpp
D:\文件图片影视\作业\2023.3.22 第四章\第五题\源.cpp(28,15): error C2062: 意外的类型“int”
D:\文件图片影视\作业\2023.3.22 第四章\第五题\源.cpp(28,26): error C2065: “i”: 未声明的标识符
D:\文件图片影视\作业\2023.3.22 第四章\第五题\源.cpp(28,43): error C2065: “i”: 未声明的标识符
D:\文件图片影视\作业\2023.3.22 第四章\第五题\源.cpp(28,61): error C2059: 语法错误:“)”
D:\文件图片影视\作业\2023.3.22 第四章\第五题\源.cpp(30,15): error C2059: 语法错误:“;”
D:\文件图片影视\作业\2023.3.22 第四章\第五题\源.cpp(34,7): error C2143: 语法错误: 缺少“;”(在“<<”的前面)
D:\文件图片影视\作业\2023.3.22 第四章\第五题\源.cpp(34,7): error C4430: 缺少类型说明符 - 假定为 int。注意: C++ 不支持默认 int
D:\文件图片影视\作业\2023.3.22 第四章\第五题\源.cpp(34,7): error C2059: 语法错误:“<<”
D:\文件图片影视\作业\2023.3.22 第四章\第五题\源.cpp(36,2): error C2059: 语法错误:“if”
D:\文件图片影视\作业\2023.3.22 第四章\第五题\源.cpp(38,2): error C2059: 语法错误:“else”
D:\文件图片影视\作业\2023.3.22 第四章\第五题\源.cpp(41,7): error C2143: 语法错误: 缺少“;”(在“<<”的前面)
D:\文件图片影视\作业\2023.3.22 第四章\第五题\源.cpp(41,7): error C4430: 缺少类型说明符 - 假定为 int。注意: C++ 不支持默认 int
D:\文件图片影视\作业\2023.3.22 第四章\第五题\源.cpp(41,2): error C2086: “int cout”: 重定义
D:\文件图片影视\作业\2023.3.22 第四章\第五题\源.cpp(34,2): message : 参见“cout”的声明
D:\文件图片影视\作业\2023.3.22 第四章\第五题\源.cpp(41,7): error C2059: 语法错误:“<<”
D:\文件图片影视\作业\2023.3.22 第四章\第五题\源.cpp(42,19): error C2065: “s2”: 未声明的标识符
D:\文件图片影视\作业\2023.3.22 第四章\第五题\源.cpp(43,2): error C2059: 语法错误:“for”
D:\文件图片影视\作业\2023.3.22 第四章\第五题\源.cpp(43,24): error C2143: 语法错误: 缺少“)”(在“;”的前面)
D:\文件图片影视\作业\2023.3.22 第四章\第五题\源.cpp(43,28): error C2143: 语法错误: 缺少“;”(在“<”的前面)
D:\文件图片影视\作业\2023.3.22 第四章\第五题\源.cpp(43,28): error C4430: 缺少类型说明符 - 假定为 int。注意: C++ 不支持默认 int
D:\文件图片影视\作业\2023.3.22 第四章\第五题\源.cpp(43,28): error C2059: 语法错误:“<”
D:\文件图片影视\作业\2023.3.22 第四章\第五题\源.cpp(43,44): error C2143: 语法错误: 缺少“;”(在“++”的前面)
D:\文件图片影视\作业\2023.3.22 第四章\第五题\源.cpp(43,44): error C4430: 缺少类型说明符 - 假定为 int。注意: C++ 不支持默认 int
D:\文件图片影视\作业\2023.3.22 第四章\第五题\源.cpp(43,43): error C2086: “int i”: 重定义
D:\文件图片影视\作业\2023.3.22 第四章\第五题\源.cpp(43,26): message : 参见“i”的声明
D:\文件图片影视\作业\2023.3.22 第四章\第五题\源.cpp(43,44): error C2059: 语法错误:“++”
D:\文件图片影视\作业\2023.3.22 第四章\第五题\源.cpp(43,61): error C2059: 语法错误:“)”
D:\文件图片影视\作业\2023.3.22 第四章\第五题\源.cpp(44,2): error C2143: 语法错误: 缺少“;”(在“{”的前面)
D:\文件图片影视\作业\2023.3.22 第四章\第五题\源.cpp(44,2): error C2447: “{”: 缺少函数标题(是否是老式的形式表?)
D:\文件图片影视\作业\2023.3.22 第四章\第五题\源.cpp(49,7): error C2143: 语法错误: 缺少“;”(在“<<”的前面)
D:\文件图片影视\作业\2023.3.22 第四章\第五题\源.cpp(49,7): error C4430: 缺少类型说明符 - 假定为 int。注意: C++ 不支持默认 int
D:\文件图片影视\作业\2023.3.22 第四章\第五题\源.cpp(49,2): error C2086: “int cout”: 重定义
D:\文件图片影视\作业\2023.3.22 第四章\第五题\源.cpp(34,2): message : 参见“cout”的声明
D:\文件图片影视\作业\2023.3.22 第四章\第五题\源.cpp(49,7): error C2059: 语法错误:“<<”
D:\文件图片影视\作业\2023.3.22 第四章\第五题\源.cpp(51,2): error C2059: 语法错误:“if”
D:\文件图片影视\作业\2023.3.22 第四章\第五题\源.cpp(53,2): error C2059: 语法错误:“else”
D:\文件图片影视\作业\2023.3.22 第四章\第五题\源.cpp(56,2): error C2059: 语法错误:“return”
D:\文件图片影视\作业\2023.3.22 第四章\第五题\源.cpp(57,1): error C2059: 语法错误:“}”
D:\文件图片影视\作业\2023.3.22 第四章\第五题\源.cpp(57,1): error C2143: 语法错误: 缺少“;”(在“}”的前面)
